# JRE version: OpenJDK Runtime Environment (8.0_242-b01) (build 1.8.0_242-release-1644-b01)
# Java VM: OpenJDK 64-Bit Server VM (25.242-b01 mixed mode windows-amd64 compressed oops)
Heap:
 PSYoungGen      total 84480K, used 68096K [0x00000000d5600000, 0x00000000dd480000, 0x0000000100000000)
  eden space 68096K, 100% used [0x00000000d5600000,0x00000000d9880000,0x00000000d9880000)
  from space 16384K, 0% used [0x00000000da800000,0x00000000da800000,0x00000000db800000)
  to   space 15872K, 41% used [0x00000000d9880000,0x00000000d9efa9e0,0x00000000da800000)
 ParOldGen       total 122880K, used 24691K [0x0000000080200000, 0x0000000087a00000, 0x00000000d5600000)
  object space 122880K, 20% used [0x0000000080200000,0x0000000081a1cf30,0x0000000087a00000)
 Metaspace       used 39540K, capacity 40174K, committed 40448K, reserved 1085440K
  class space    used 4879K, capacity 5028K, committed 5120K, reserved 1048576K
GC Heap History (10 events):
Event: 2.724 GC heap after
Heap after GC invocations=4 (full 1):
 PSYoungGen      total 38400K, used 0K [0x00000000d5600000, 0x00000000da100000, 0x0000000100000000)
  eden space 33280K, 0% used [0x00000000d5600000,0x00000000d5600000,0x00000000d7680000)
  from space 5120K, 0% used [0x00000000d7680000,0x00000000d7680000,0x00000000d7b80000)
  to   space 5120K, 0% used [0x00000000d9c00000,0x00000000d9c00000,0x00000000da100000)
 ParOldGen       total 68096K, used 9550K [0x0000000080200000, 0x0000000084480000, 0x00000000d5600000)
  object space 68096K, 14% used [0x0000000080200000,0x0000000080b53a70,0x0000000084480000)
 Metaspace       used 20827K, capacity 21214K, committed 21296K, reserved 1069056K
  class space    used 2434K, capacity 2555K, committed 2560K, reserved 1048576K
}
Event: 3.639 GC heap before
{Heap before GC invocations=5 (full 1):
 PSYoungGen      total 38400K, used 33280K [0x00000000d5600000, 0x00000000da100000, 0x0000000100000000)
  eden space 33280K, 100% used [0x00000000d5600000,0x00000000d7680000,0x00000000d7680000)
  from space 5120K, 0% used [0x00000000d7680000,0x00000000d7680000,0x00000000d7b80000)
  to   space 5120K, 0% used [0x00000000d9c00000,0x00000000d9c00000,0x00000000da100000)
 ParOldGen       total 68096K, used 9550K [0x0000000080200000, 0x0000000084480000, 0x00000000d5600000)
  object space 68096K, 14% used [0x0000000080200000,0x0000000080b53a70,0x0000000084480000)
 Metaspace       used 24478K, capacity 24903K, committed 25088K, reserved 1071104K
  class space    used 2880K, capacity 3013K, committed 3072K, reserved 1048576K
Event: 3.653 GC heap after
Heap after GC invocations=5 (full 1):
 PSYoungGen      total 52736K, used 5106K [0x00000000d5600000, 0x00000000da100000, 0x0000000100000000)
  eden space 47616K, 0% used [0x00000000d5600000,0x00000000d5600000,0x00000000d8480000)
  from space 5120K, 99% used [0x00000000d9c00000,0x00000000da0fca28,0x00000000da100000)
  to   space 5120K, 0% used [0x00000000d9700000,0x00000000d9700000,0x00000000d9c00000)
 ParOldGen       total 68096K, used 11794K [0x0000000080200000, 0x0000000084480000, 0x00000000d5600000)
  object space 68096K, 17% used [0x0000000080200000,0x0000000080d84938,0x0000000084480000)
 Metaspace       used 24478K, capacity 24903K, committed 25088K, reserved 1071104K
  class space    used 2880K, capacity 3013K, committed 3072K, reserved 1048576K
}
Event: 5.062 GC heap before
{Heap before GC invocations=6 (full 1):
 PSYoungGen      total 52736K, used 52722K [0x00000000d5600000, 0x00000000da100000, 0x0000000100000000)
  eden space 47616K, 100% used [0x00000000d5600000,0x00000000d8480000,0x00000000d8480000)
  from space 5120K, 99% used [0x00000000d9c00000,0x00000000da0fca28,0x00000000da100000)
  to   space 5120K, 0% used [0x00000000d9700000,0x00000000d9700000,0x00000000d9c00000)
 ParOldGen       total 68096K, used 11794K [0x0000000080200000, 0x0000000084480000, 0x00000000d5600000)
  object space 68096K, 17% used [0x0000000080200000,0x0000000080d84938,0x0000000084480000)
 Metaspace       used 32649K, capacity 33108K, committed 33408K, reserved 1079296K
  class space    used 4073K, capacity 4205K, committed 4224K, reserved 1048576K
Event: 5.084 GC heap after
Heap after GC invocations=6 (full 1):
 PSYoungGen      total 71680K, used 5091K [0x00000000d5600000, 0x00000000db800000, 0x0000000100000000)
  eden space 66560K, 0% used [0x00000000d5600000,0x00000000d5600000,0x00000000d9700000)
  from space 5120K, 99% used [0x00000000d9700000,0x00000000d9bf8c10,0x00000000d9c00000)
  to   space 16384K, 0% used [0x00000000da800000,0x00000000da800000,0x00000000db800000)
 ParOldGen       total 68096K, used 23691K [0x0000000080200000, 0x0000000084480000, 0x00000000d5600000)
  object space 68096K, 34% used [0x0000000080200000,0x0000000081922d58,0x0000000084480000)
 Metaspace       used 32649K, capacity 33108K, committed 33408K, reserved 1079296K
  class space    used 4073K, capacity 4205K, committed 4224K, reserved 1048576K
}
Event: 5.609 GC heap before
{Heap before GC invocations=7 (full 1):
 PSYoungGen      total 71680K, used 14337K [0x00000000d5600000, 0x00000000db800000, 0x0000000100000000)
  eden space 66560K, 13% used [0x00000000d5600000,0x00000000d5f07bd0,0x00000000d9700000)
  from space 5120K, 99% used [0x00000000d9700000,0x00000000d9bf8c10,0x00000000d9c00000)
  to   space 16384K, 0% used [0x00000000da800000,0x00000000da800000,0x00000000db800000)
 ParOldGen       total 68096K, used 23691K [0x0000000080200000, 0x0000000084480000, 0x00000000d5600000)
  object space 68096K, 34% used [0x0000000080200000,0x0000000081922d58,0x0000000084480000)
 Metaspace       used 34761K, capacity 35232K, committed 35456K, reserved 1081344K
  class space    used 4350K, capacity 4475K, committed 4480K, reserved 1048576K
Event: 5.625 GC heap after
Heap after GC invocations=7 (full 1):
 PSYoungGen      total 84480K, used 7552K [0x00000000d5600000, 0x00000000dd480000, 0x0000000100000000)
  eden space 68096K, 0% used [0x00000000d5600000,0x00000000d5600000,0x00000000d9880000)
  from space 16384K, 46% used [0x00000000da800000,0x00000000daf60080,0x00000000db800000)
  to   space 15872K, 0% used [0x00000000d9880000,0x00000000d9880000,0x00000000da800000)
 ParOldGen       total 68096K, used 23699K [0x0000000080200000, 0x0000000084480000, 0x00000000d5600000)
  object space 68096K, 34% used [0x0000000080200000,0x0000000081924d58,0x0000000084480000)
 Metaspace       used 34761K, capacity 35232K, committed 35456K, reserved 1081344K
  class space    used 4350K, capacity 4475K, committed 4480K, reserved 1048576K
}
Event: 5.625 GC heap before
{Heap before GC invocations=8 (full 2):
 PSYoungGen      total 84480K, used 7552K [0x00000000d5600000, 0x00000000dd480000, 0x0000000100000000)
  eden space 68096K, 0% used [0x00000000d5600000,0x00000000d5600000,0x00000000d9880000)
  from space 16384K, 46% used [0x00000000da800000,0x00000000daf60080,0x00000000db800000)
  to   space 15872K, 0% used [0x00000000d9880000,0x00000000d9880000,0x00000000da800000)
 ParOldGen       total 68096K, used 23699K [0x0000000080200000, 0x0000000084480000, 0x00000000d5600000)
  object space 68096K, 34% used [0x0000000080200000,0x0000000081924d58,0x0000000084480000)
 Metaspace       used 34761K, capacity 35232K, committed 35456K, reserved 1081344K
  class space    used 4350K, capacity 4475K, committed 4480K, reserved 1048576K
Event: 5.767 GC heap after
Heap after GC invocations=8 (full 2):
 PSYoungGen      total 84480K, used 0K [0x00000000d5600000, 0x00000000dd480000, 0x0000000100000000)
  eden space 68096K, 0% used [0x00000000d5600000,0x00000000d5600000,0x00000000d9880000)
  from space 16384K, 0% used [0x00000000da800000,0x00000000da800000,0x00000000db800000)
  to   space 15872K, 0% used [0x00000000d9880000,0x00000000d9880000,0x00000000da800000)
 ParOldGen       total 122880K, used 24683K [0x0000000080200000, 0x0000000087a00000, 0x00000000d5600000)
  object space 122880K, 20% used [0x0000000080200000,0x0000000081a1af30,0x0000000087a00000)
 Metaspace       used 34761K, capacity 35232K, committed 35456K, reserved 1081344K
  class space    used 4350K, capacity 4475K, committed 4480K, reserved 1048576K
}
Event: 7.980 GC heap before
{Heap before GC invocations=9 (full 2):
 PSYoungGen      total 84480K, used 68096K [0x00000000d5600000, 0x00000000dd480000, 0x0000000100000000)
  eden space 68096K, 100% used [0x00000000d5600000,0x00000000d9880000,0x00000000d9880000)
  from space 16384K, 0% used [0x00000000da800000,0x00000000da800000,0x00000000db800000)
  to   space 15872K, 0% used [0x00000000d9880000,0x00000000d9880000,0x00000000da800000)
 ParOldGen       total 122880K, used 24683K [0x0000000080200000, 0x0000000087a00000, 0x00000000d5600000)
  object space 122880K, 20% used [0x0000000080200000,0x0000000081a1af30,0x0000000087a00000)
 Metaspace       used 39540K, capacity 40174K, committed 40448K, reserved 1085440K
  class space    used 4879K, capacity 5028K, committed 5120K, reserved 1048576K

