# JRE version: OpenJDK Runtime Environment (8.0_242-b01) (build 1.8.0_242-release-1644-b01)
# Java VM: OpenJDK 64-Bit Server VM (25.242-b01 mixed mode windows-amd64 compressed oops)
Heap:
 PSYoungGen      total 290304K, used 42049K [0x00000000d5580000, 0x00000000ebf00000, 0x0000000100000000)
  eden space 230400K, 9% used [0x00000000d5580000,0x00000000d6bfb548,0x00000000e3680000)
  from space 59904K, 31% used [0x00000000e3680000,0x00000000e4915260,0x00000000e7100000)
  to   space 57856K, 0% used [0x00000000e8680000,0x00000000e8680000,0x00000000ebf00000)
 ParOldGen       total 220672K, used 70002K [0x0000000080000000, 0x000000008d780000, 0x00000000d5580000)
  object space 220672K, 31% used [0x0000000080000000,0x000000008445c938,0x000000008d780000)
 Metaspace       used 107127K, capacity 112632K, committed 112808K, reserved 1146880K
  class space    used 13763K, capacity 14902K, committed 15024K, reserved 1048576K
GC Heap History (10 events):
Event: 1215.210 GC heap before
{Heap before GC invocations=25 (full 3):
 PSYoungGen      total 251904K, used 251875K [0x00000000d5580000, 0x00000000e9180000, 0x0000000100000000)
  eden space 205824K, 100% used [0x00000000d5580000,0x00000000e1e80000,0x00000000e1e80000)
  from space 46080K, 99% used [0x00000000e2d80000,0x00000000e5a78ef8,0x00000000e5a80000)
  to   space 56320K, 0% used [0x00000000e5a80000,0x00000000e5a80000,0x00000000e9180000)
 ParOldGen       total 140288K, used 79357K [0x0000000080000000, 0x0000000088900000, 0x00000000d5580000)
  object space 140288K, 56% used [0x0000000080000000,0x0000000084d7f6d0,0x0000000088900000)
 Metaspace       used 92302K, capacity 97304K, committed 97456K, reserved 1134592K
  class space    used 11889K, capacity 12892K, committed 12976K, reserved 1048576K
Event: 1215.294 GC heap after
Heap after GC invocations=25 (full 3):
 PSYoungGen      total 249856K, used 35443K [0x00000000d5580000, 0x00000000e8c00000, 0x0000000100000000)
  eden space 199168K, 0% used [0x00000000d5580000,0x00000000d5580000,0x00000000e1800000)
  from space 50688K, 69% used [0x00000000e5a80000,0x00000000e7d1ccf0,0x00000000e8c00000)
  to   space 59392K, 0% used [0x00000000e1800000,0x00000000e1800000,0x00000000e5200000)
 ParOldGen       total 140288K, used 95082K [0x0000000080000000, 0x0000000088900000, 0x00000000d5580000)
  object space 140288K, 67% used [0x0000000080000000,0x0000000085cda8f0,0x0000000088900000)
 Metaspace       used 92302K, capacity 97304K, committed 97456K, reserved 1134592K
  class space    used 11889K, capacity 12892K, committed 12976K, reserved 1048576K
}
Event: 1216.223 GC heap before
{Heap before GC invocations=26 (full 3):
 PSYoungGen      total 249856K, used 90042K [0x00000000d5580000, 0x00000000e8c00000, 0x0000000100000000)
  eden space 199168K, 27% used [0x00000000d5580000,0x00000000d8ad1ea0,0x00000000e1800000)
  from space 50688K, 69% used [0x00000000e5a80000,0x00000000e7d1ccf0,0x00000000e8c00000)
  to   space 59392K, 0% used [0x00000000e1800000,0x00000000e1800000,0x00000000e5200000)
 ParOldGen       total 140288K, used 95082K [0x0000000080000000, 0x0000000088900000, 0x00000000d5580000)
  object space 140288K, 67% used [0x0000000080000000,0x0000000085cda8f0,0x0000000088900000)
 Metaspace       used 93383K, capacity 98550K, committed 98600K, reserved 1134592K
  class space    used 12029K, capacity 13088K, committed 13104K, reserved 1048576K
Event: 1216.293 GC heap after
Heap after GC invocations=26 (full 3):
 PSYoungGen      total 258560K, used 38618K [0x00000000d5580000, 0x00000000ead80000, 0x0000000100000000)
  eden space 199168K, 0% used [0x00000000d5580000,0x00000000d5580000,0x00000000e1800000)
  from space 59392K, 65% used [0x00000000e1800000,0x00000000e3db6868,0x00000000e5200000)
  to   space 60928K, 0% used [0x00000000e7200000,0x00000000e7200000,0x00000000ead80000)
 ParOldGen       total 140288K, used 95082K [0x0000000080000000, 0x0000000088900000, 0x00000000d5580000)
  object space 140288K, 67% used [0x0000000080000000,0x0000000085cda8f0,0x0000000088900000)
 Metaspace       used 93383K, capacity 98550K, committed 98600K, reserved 1134592K
  class space    used 12029K, capacity 13088K, committed 13104K, reserved 1048576K
}
Event: 1216.293 GC heap before
{Heap before GC invocations=27 (full 4):
 PSYoungGen      total 258560K, used 38618K [0x00000000d5580000, 0x00000000ead80000, 0x0000000100000000)
  eden space 199168K, 0% used [0x00000000d5580000,0x00000000d5580000,0x00000000e1800000)
  from space 59392K, 65% used [0x00000000e1800000,0x00000000e3db6868,0x00000000e5200000)
  to   space 60928K, 0% used [0x00000000e7200000,0x00000000e7200000,0x00000000ead80000)
 ParOldGen       total 140288K, used 95082K [0x0000000080000000, 0x0000000088900000, 0x00000000d5580000)
  object space 140288K, 67% used [0x0000000080000000,0x0000000085cda8f0,0x0000000088900000)
 Metaspace       used 93383K, capacity 98550K, committed 98600K, reserved 1134592K
  class space    used 12029K, capacity 13088K, committed 13104K, reserved 1048576K
Event: 1216.838 GC heap after
Heap after GC invocations=27 (full 4):
 PSYoungGen      total 258560K, used 0K [0x00000000d5580000, 0x00000000ead80000, 0x0000000100000000)
  eden space 199168K, 0% used [0x00000000d5580000,0x00000000d5580000,0x00000000e1800000)
  from space 59392K, 0% used [0x00000000e1800000,0x00000000e1800000,0x00000000e5200000)
  to   space 60928K, 0% used [0x00000000e7200000,0x00000000e7200000,0x00000000ead80000)
 ParOldGen       total 220672K, used 69994K [0x0000000080000000, 0x000000008d780000, 0x00000000d5580000)
  object space 220672K, 31% used [0x0000000080000000,0x000000008445a938,0x000000008d780000)
 Metaspace       used 93176K, capacity 97944K, committed 98600K, reserved 1134592K
  class space    used 11965K, capacity 12987K, committed 13104K, reserved 1048576K
}
Event: 1493.875 GC heap before
{Heap before GC invocations=28 (full 4):
 PSYoungGen      total 258560K, used 199168K [0x00000000d5580000, 0x00000000ead80000, 0x0000000100000000)
  eden space 199168K, 100% used [0x00000000d5580000,0x00000000e1800000,0x00000000e1800000)
  from space 59392K, 0% used [0x00000000e1800000,0x00000000e1800000,0x00000000e5200000)
  to   space 60928K, 0% used [0x00000000e7200000,0x00000000e7200000,0x00000000ead80000)
 ParOldGen       total 220672K, used 69994K [0x0000000080000000, 0x000000008d780000, 0x00000000d5580000)
  object space 220672K, 31% used [0x0000000080000000,0x000000008445a938,0x000000008d780000)
 Metaspace       used 98461K, capacity 103360K, committed 103848K, reserved 1138688K
  class space    used 12560K, capacity 13584K, committed 13744K, reserved 1048576K
Event: 1494.243 GC heap after
Heap after GC invocations=28 (full 4):
 PSYoungGen      total 289280K, used 32431K [0x00000000d5580000, 0x00000000eab80000, 0x0000000100000000)
  eden space 230400K, 0% used [0x00000000d5580000,0x00000000d5580000,0x00000000e3680000)
  from space 58880K, 55% used [0x00000000e7200000,0x00000000e91abd30,0x00000000eab80000)
  to   space 59904K, 0% used [0x00000000e3680000,0x00000000e3680000,0x00000000e7100000)
 ParOldGen       total 220672K, used 69994K [0x0000000080000000, 0x000000008d780000, 0x00000000d5580000)
  object space 220672K, 31% used [0x0000000080000000,0x000000008445a938,0x000000008d780000)
 Metaspace       used 98461K, capacity 103360K, committed 103848K, reserved 1138688K
  class space    used 12560K, capacity 13584K, committed 13744K, reserved 1048576K
}
Event: 1521.830 GC heap before
{Heap before GC invocations=29 (full 4):
 PSYoungGen      total 289280K, used 262831K [0x00000000d5580000, 0x00000000eab80000, 0x0000000100000000)
  eden space 230400K, 100% used [0x00000000d5580000,0x00000000e3680000,0x00000000e3680000)
  from space 58880K, 55% used [0x00000000e7200000,0x00000000e91abd30,0x00000000eab80000)
  to   space 59904K, 0% used [0x00000000e3680000,0x00000000e3680000,0x00000000e7100000)
 ParOldGen       total 220672K, used 69994K [0x0000000080000000, 0x000000008d780000, 0x00000000d5580000)
  object space 220672K, 31% used [0x0000000080000000,0x000000008445a938,0x000000008d780000)
 Metaspace       used 106520K, capacity 111964K, committed 112168K, reserved 1146880K
  class space    used 13687K, capacity 14836K, committed 14896K, reserved 1048576K
Event: 1521.969 GC heap after
Heap after GC invocations=29 (full 4):
 PSYoungGen      total 290304K, used 19028K [0x00000000d5580000, 0x00000000ebf00000, 0x0000000100000000)
  eden space 230400K, 0% used [0x00000000d5580000,0x00000000d5580000,0x00000000e3680000)
  from space 59904K, 31% used [0x00000000e3680000,0x00000000e4915260,0x00000000e7100000)
  to   space 57856K, 0% used [0x00000000e8680000,0x00000000e8680000,0x00000000ebf00000)
 ParOldGen       total 220672K, used 70002K [0x0000000080000000, 0x000000008d780000, 0x00000000d5580000)
  object space 220672K, 31% used [0x0000000080000000,0x000000008445c938,0x000000008d780000)
 Metaspace       used 106520K, capacity 111964K, committed 112168K, reserved 1146880K
  class space    used 13687K, capacity 14836K, committed 14896K, reserved 1048576K
}

